TRACE::2022-12-21.11:14:39::SCWPlatform::Trying to open the hw design at C:/Users/krist/workspace/rim_projekt/hw/rim_projekt.xsa
TRACE::2022-12-21.11:14:39::SCWPlatform::DSA given C:/Users/krist/workspace/rim_projekt/hw/rim_projekt.xsa
TRACE::2022-12-21.11:14:39::SCWPlatform::DSA absoulate path C:/Users/krist/workspace/rim_projekt/hw/rim_projekt.xsa
TRACE::2022-12-21.11:14:39::SCWPlatform::DSA directory C:/Users/krist/workspace/rim_projekt/hw
TRACE::2022-12-21.11:14:39::SCWPlatform:: Platform Path C:/Users/krist/workspace/rim_projekt/hw/rim_projekt.xsa
TRACE::2022-12-21.11:14:39::SCWPlatform:: Unique name xilinx:basys3::0.0
TRACE::2022-12-21.11:14:39::SCWPlatform::Do not have an existing db opened. 
TRACE::2022-12-21.11:14:39::SCWPlatform::Opened new HwDB with name design_1_wrapper_3
TRACE::2022-12-21.11:14:39::SCWWriter::formatted JSON is {
	"platformName":	"rim_projekt",
	"sprVersion":	"2.0",
	"mode":	"gui",
	"dsaType":	"Fixed",
	"platformDesc":	"rim_projekt",
	"platHandOff":	"C:/Users/krist/VivadoProjects/RIM_projekt/rim_projekt.xsa",
	"platIntHandOff":	"<platformDir>/hw/rim_projekt.xsa",
	"deviceType":	"FPGA",
	"platIsPrebuiltAutogen":	"false",
	"platIsNoBootBsp":	"false",
	"hasFsblMakeHasChanges":	"false",
	"hasPmufwMakeHasChanges":	"false",
	"platPreBuiltFlag":	false,
	"platformSamplesDir":	""
}
TRACE::2022-12-21.11:14:39::SCWWriter::formatted JSON is {
	"platformName":	"rim_projekt",
	"sprVersion":	"2.0",
	"mode":	"gui",
	"dsaType":	"Fixed",
	"platformDesc":	"rim_projekt",
	"platHandOff":	"C:/Users/krist/VivadoProjects/RIM_projekt/rim_projekt.xsa",
	"platIntHandOff":	"<platformDir>/hw/rim_projekt.xsa",
	"deviceType":	"FPGA",
	"platIsPrebuiltAutogen":	"false",
	"platIsNoBootBsp":	"false",
	"hasFsblMakeHasChanges":	"false",
	"hasPmufwMakeHasChanges":	"false",
	"platPreBuiltFlag":	false,
	"platformSamplesDir":	"",
	"platActiveSys":	"rim_projekt",
	"systems":	[{
			"systemName":	"rim_projekt",
			"systemDesc":	"rim_projekt",
			"sysIsBootAutoGen":	"true",
			"systemDispName":	"rim_projekt"
		}]
}
TRACE::2022-12-21.11:14:39::SCWPlatform::Boot application domains not present, creating them
TRACE::2022-12-21.11:14:39::SCWPlatform::Pure FPGA device, no boot application will be created.
TRACE::2022-12-21.11:14:39::SCWWriter::formatted JSON is {
	"platformName":	"rim_projekt",
	"sprVersion":	"2.0",
	"mode":	"gui",
	"dsaType":	"Fixed",
	"platformDesc":	"rim_projekt",
	"platHandOff":	"C:/Users/krist/VivadoProjects/RIM_projekt/rim_projekt.xsa",
	"platIntHandOff":	"<platformDir>/hw/rim_projekt.xsa",
	"deviceType":	"FPGA",
	"platIsPrebuiltAutogen":	"false",
	"platIsNoBootBsp":	"false",
	"hasFsblMakeHasChanges":	"false",
	"hasPmufwMakeHasChanges":	"false",
	"platPreBuiltFlag":	false,
	"platformSamplesDir":	"",
	"platActiveSys":	"rim_projekt",
	"systems":	[{
			"systemName":	"rim_projekt",
			"systemDesc":	"rim_projekt",
			"sysIsBootAutoGen":	"true",
			"systemDispName":	"rim_projekt"
		}]
}
TRACE::2022-12-21.11:14:39::SCWWriter::formatted JSON is {
	"platformName":	"rim_projekt",
	"sprVersion":	"2.0",
	"mode":	"gui",
	"dsaType":	"Fixed",
	"platformDesc":	"rim_projekt",
	"platHandOff":	"C:/Users/krist/VivadoProjects/RIM_projekt/rim_projekt.xsa",
	"platIntHandOff":	"<platformDir>/hw/rim_projekt.xsa",
	"deviceType":	"FPGA",
	"platIsPrebuiltAutogen":	"false",
	"platIsNoBootBsp":	"false",
	"hasFsblMakeHasChanges":	"false",
	"hasPmufwMakeHasChanges":	"false",
	"platPreBuiltFlag":	false,
	"platformSamplesDir":	"",
	"platActiveSys":	"rim_projekt",
	"systems":	[{
			"systemName":	"rim_projekt",
			"systemDesc":	"rim_projekt",
			"sysIsBootAutoGen":	"true",
			"systemDispName":	"rim_projekt"
		}]
}
TRACE::2022-12-21.11:14:39::SCWPlatform::Trying to open the hw design at C:/Users/krist/workspace/rim_projekt/hw/rim_projekt.xsa
TRACE::2022-12-21.11:14:39::SCWPlatform::DSA given C:/Users/krist/workspace/rim_projekt/hw/rim_projekt.xsa
TRACE::2022-12-21.11:14:39::SCWPlatform::DSA absoulate path C:/Users/krist/workspace/rim_projekt/hw/rim_projekt.xsa
TRACE::2022-12-21.11:14:39::SCWPlatform::DSA directory C:/Users/krist/workspace/rim_projekt/hw
TRACE::2022-12-21.11:14:39::SCWPlatform:: Platform Path C:/Users/krist/workspace/rim_projekt/hw/rim_projekt.xsa
TRACE::2022-12-21.11:14:39::SCWPlatform:: Unique name xilinx:basys3::0.0
TRACE::2022-12-21.11:14:39::SCWPlatform::Trying to set the existing hwdb with name design_1_wrapper_3
TRACE::2022-12-21.11:14:39::SCWPlatform::Opened existing hwdb design_1_wrapper_3
TRACE::2022-12-21.11:14:39::SCWPlatform::Found the Hw Db part of the input DSA
TRACE::2022-12-21.11:14:39::SCWPlatform::Trying to open the hw design at C:/Users/krist/workspace/rim_projekt/hw/rim_projekt.xsa
TRACE::2022-12-21.11:14:39::SCWPlatform::DSA given C:/Users/krist/workspace/rim_projekt/hw/rim_projekt.xsa
TRACE::2022-12-21.11:14:39::SCWPlatform::DSA absoulate path C:/Users/krist/workspace/rim_projekt/hw/rim_projekt.xsa
TRACE::2022-12-21.11:14:39::SCWPlatform::DSA directory C:/Users/krist/workspace/rim_projekt/hw
TRACE::2022-12-21.11:14:39::SCWPlatform:: Platform Path C:/Users/krist/workspace/rim_projekt/hw/rim_projekt.xsa
TRACE::2022-12-21.11:14:39::SCWPlatform:: Unique name xilinx:basys3::0.0
TRACE::2022-12-21.11:14:39::SCWPlatform::Trying to set the existing hwdb with name design_1_wrapper_3
TRACE::2022-12-21.11:14:39::SCWPlatform::Opened existing hwdb design_1_wrapper_3
TRACE::2022-12-21.11:14:39::SCWPlatform::Found the Hw Db part of the input DSA
TRACE::2022-12-21.11:14:39::SCWDomain::checking for install qemu data   : 
TRACE::2022-12-21.11:14:39::SCWPlatform::Trying to open the hw design at C:/Users/krist/workspace/rim_projekt/hw/rim_projekt.xsa
TRACE::2022-12-21.11:14:39::SCWPlatform::DSA given C:/Users/krist/workspace/rim_projekt/hw/rim_projekt.xsa
TRACE::2022-12-21.11:14:39::SCWPlatform::DSA absoulate path C:/Users/krist/workspace/rim_projekt/hw/rim_projekt.xsa
TRACE::2022-12-21.11:14:39::SCWPlatform::DSA directory C:/Users/krist/workspace/rim_projekt/hw
TRACE::2022-12-21.11:14:39::SCWPlatform:: Platform Path C:/Users/krist/workspace/rim_projekt/hw/rim_projekt.xsa
TRACE::2022-12-21.11:14:39::SCWPlatform:: Unique name xilinx:basys3::0.0
TRACE::2022-12-21.11:14:39::SCWPlatform::Trying to set the existing hwdb with name design_1_wrapper_3
TRACE::2022-12-21.11:14:39::SCWPlatform::Opened existing hwdb design_1_wrapper_3
TRACE::2022-12-21.11:14:39::SCWPlatform::Found the Hw Db part of the input DSA
TRACE::2022-12-21.11:14:39::SCWPlatform::Trying to open the hw design at C:/Users/krist/workspace/rim_projekt/hw/rim_projekt.xsa
TRACE::2022-12-21.11:14:39::SCWPlatform::DSA given C:/Users/krist/workspace/rim_projekt/hw/rim_projekt.xsa
TRACE::2022-12-21.11:14:39::SCWPlatform::DSA absoulate path C:/Users/krist/workspace/rim_projekt/hw/rim_projekt.xsa
TRACE::2022-12-21.11:14:39::SCWPlatform::DSA directory C:/Users/krist/workspace/rim_projekt/hw
TRACE::2022-12-21.11:14:39::SCWPlatform:: Platform Path C:/Users/krist/workspace/rim_projekt/hw/rim_projekt.xsa
TRACE::2022-12-21.11:14:39::SCWPlatform:: Unique name xilinx:basys3::0.0
TRACE::2022-12-21.11:14:39::SCWPlatform::Trying to set the existing hwdb with name design_1_wrapper_3
TRACE::2022-12-21.11:14:39::SCWPlatform::Opened existing hwdb design_1_wrapper_3
TRACE::2022-12-21.11:14:39::SCWPlatform::Found the Hw Db part of the input DSA
TRACE::2022-12-21.11:14:39::SCWPlatform::Trying to open the hw design at C:/Users/krist/workspace/rim_projekt/hw/rim_projekt.xsa
TRACE::2022-12-21.11:14:39::SCWPlatform::DSA given C:/Users/krist/workspace/rim_projekt/hw/rim_projekt.xsa
TRACE::2022-12-21.11:14:39::SCWPlatform::DSA absoulate path C:/Users/krist/workspace/rim_projekt/hw/rim_projekt.xsa
TRACE::2022-12-21.11:14:39::SCWPlatform::DSA directory C:/Users/krist/workspace/rim_projekt/hw
TRACE::2022-12-21.11:14:39::SCWPlatform:: Platform Path C:/Users/krist/workspace/rim_projekt/hw/rim_projekt.xsa
TRACE::2022-12-21.11:14:39::SCWPlatform:: Unique name xilinx:basys3::0.0
TRACE::2022-12-21.11:14:39::SCWPlatform::Trying to set the existing hwdb with name design_1_wrapper_3
TRACE::2022-12-21.11:14:39::SCWPlatform::Opened existing hwdb design_1_wrapper_3
TRACE::2022-12-21.11:14:39::SCWPlatform::Found the Hw Db part of the input DSA
TRACE::2022-12-21.11:14:39::SCWMssOS::Checking the sw design at  C:/Users/krist/workspace/rim_projekt/microblaze_0/standalone_microblaze_0/bsp/system.mss
TRACE::2022-12-21.11:14:39::SCWMssOS::DEBUG:  swdes dump  
TRACE::2022-12-21.11:14:39::SCWMssOS::No sw design opened at  C:/Users/krist/workspace/rim_projekt/microblaze_0/standalone_microblaze_0/bsp/system.mss
TRACE::2022-12-21.11:14:39::SCWMssOS::mss does not exists at C:/Users/krist/workspace/rim_projekt/microblaze_0/standalone_microblaze_0/bsp/system.mss
TRACE::2022-12-21.11:14:39::SCWMssOS::Creating sw design at  C:/Users/krist/workspace/rim_projekt/microblaze_0/standalone_microblaze_0/bsp/system.mss
TRACE::2022-12-21.11:14:39::SCWMssOS::Adding the swdes entry, created swdb C:/Users/krist/workspace/rim_projekt/microblaze_0/standalone_microblaze_0/bsp/system.mss with des name C:/Users/krist/workspace/rim_projekt/microblaze_0/standalone_microblaze_0/bsp/system.mss
TRACE::2022-12-21.11:14:39::SCWMssOS::updating the scw layer changes to swdes at   C:/Users/krist/workspace/rim_projekt/microblaze_0/standalone_microblaze_0/bsp/system.mss
TRACE::2022-12-21.11:14:39::SCWMssOS::Writing mss at C:/Users/krist/workspace/rim_projekt/microblaze_0/standalone_microblaze_0/bsp/system.mss
TRACE::2022-12-21.11:14:39::SCWMssOS::Completed writing the mss file at C:/Users/krist/workspace/rim_projekt/microblaze_0/standalone_microblaze_0/bsp
TRACE::2022-12-21.11:14:39::SCWMssOS::Picking up changes from newly written mss file into SCW Layer. 
TRACE::2022-12-21.11:14:39::SCWMssOS::Updated the changes from newly written mss file into SCW Layer. 
TRACE::2022-12-21.11:14:39::SCWMssOS::Completed writing the mss file at C:/Users/krist/workspace/rim_projekt/microblaze_0/standalone_microblaze_0/bsp
TRACE::2022-12-21.11:14:39::SCWMssOS::Forcing BSP Sources regeneration.
TRACE::2022-12-21.11:14:40::SCWMssOS::Saving the mss changes C:/Users/krist/workspace/rim_projekt/microblaze_0/standalone_microblaze_0/bsp/system.mss
TRACE::2022-12-21.11:14:40::SCWMssOS::Adding the swdes entry, mss present, able to open swdb C:/Users/krist/workspace/rim_projekt/microblaze_0/standalone_microblaze_0/bsp/system.mss with des name system
TRACE::2022-12-21.11:14:40::SCWMssOS::Writing the mss file completed C:/Users/krist/workspace/rim_projekt/microblaze_0/standalone_microblaze_0/bsp/system.mss
TRACE::2022-12-21.11:14:40::SCWMssOS::Commit changes completed.
TRACE::2022-12-21.11:14:40::SCWPlatform::Trying to open the hw design at C:/Users/krist/workspace/rim_projekt/hw/rim_projekt.xsa
TRACE::2022-12-21.11:14:40::SCWPlatform::DSA given C:/Users/krist/workspace/rim_projekt/hw/rim_projekt.xsa
TRACE::2022-12-21.11:14:40::SCWPlatform::DSA absoulate path C:/Users/krist/workspace/rim_projekt/hw/rim_projekt.xsa
TRACE::2022-12-21.11:14:40::SCWPlatform::DSA directory C:/Users/krist/workspace/rim_projekt/hw
TRACE::2022-12-21.11:14:40::SCWPlatform:: Platform Path C:/Users/krist/workspace/rim_projekt/hw/rim_projekt.xsa
TRACE::2022-12-21.11:14:40::SCWPlatform:: Unique name xilinx:basys3::0.0
TRACE::2022-12-21.11:14:40::SCWPlatform::Trying to set the existing hwdb with name design_1_wrapper_3
TRACE::2022-12-21.11:14:40::SCWPlatform::Opened existing hwdb design_1_wrapper_3
TRACE::2022-12-21.11:14:40::SCWPlatform::Found the Hw Db part of the input DSA
TRACE::2022-12-21.11:14:40::SCWMssOS::Checking the sw design at  C:/Users/krist/workspace/rim_projekt/microblaze_0/standalone_microblaze_0/bsp/system.mss
TRACE::2022-12-21.11:14:40::SCWMssOS::DEBUG:  swdes dump  C:/Users/krist/workspace/rim_projekt/microblaze_0/standalone_microblaze_0/bsp/system.mss|system||

TRACE::2022-12-21.11:14:40::SCWMssOS::Sw design exists and opened at  C:/Users/krist/workspace/rim_projekt/microblaze_0/standalone_microblaze_0/bsp/system.mss
TRACE::2022-12-21.11:14:40::SCWPlatform::Trying to open the hw design at C:/Users/krist/workspace/rim_projekt/hw/rim_projekt.xsa
TRACE::2022-12-21.11:14:40::SCWPlatform::DSA given C:/Users/krist/workspace/rim_projekt/hw/rim_projekt.xsa
TRACE::2022-12-21.11:14:40::SCWPlatform::DSA absoulate path C:/Users/krist/workspace/rim_projekt/hw/rim_projekt.xsa
TRACE::2022-12-21.11:14:40::SCWPlatform::DSA directory C:/Users/krist/workspace/rim_projekt/hw
TRACE::2022-12-21.11:14:40::SCWPlatform:: Platform Path C:/Users/krist/workspace/rim_projekt/hw/rim_projekt.xsa
TRACE::2022-12-21.11:14:40::SCWPlatform:: Unique name xilinx:basys3::0.0
TRACE::2022-12-21.11:14:40::SCWPlatform::Trying to set the existing hwdb with name design_1_wrapper_3
TRACE::2022-12-21.11:14:40::SCWPlatform::Opened existing hwdb design_1_wrapper_3
TRACE::2022-12-21.11:14:40::SCWPlatform::Found the Hw Db part of the input DSA
TRACE::2022-12-21.11:14:40::SCWMssOS::Checking the sw design at  C:/Users/krist/workspace/rim_projekt/microblaze_0/standalone_microblaze_0/bsp/system.mss
TRACE::2022-12-21.11:14:40::SCWMssOS::DEBUG:  swdes dump  C:/Users/krist/workspace/rim_projekt/microblaze_0/standalone_microblaze_0/bsp/system.mss|system||

TRACE::2022-12-21.11:14:40::SCWMssOS::Sw design exists and opened at  C:/Users/krist/workspace/rim_projekt/microblaze_0/standalone_microblaze_0/bsp/system.mss
TRACE::2022-12-21.11:14:40::SCWPlatform::Trying to open the hw design at C:/Users/krist/workspace/rim_projekt/hw/rim_projekt.xsa
TRACE::2022-12-21.11:14:40::SCWPlatform::DSA given C:/Users/krist/workspace/rim_projekt/hw/rim_projekt.xsa
TRACE::2022-12-21.11:14:40::SCWPlatform::DSA absoulate path C:/Users/krist/workspace/rim_projekt/hw/rim_projekt.xsa
TRACE::2022-12-21.11:14:40::SCWPlatform::DSA directory C:/Users/krist/workspace/rim_projekt/hw
TRACE::2022-12-21.11:14:40::SCWPlatform:: Platform Path C:/Users/krist/workspace/rim_projekt/hw/rim_projekt.xsa
TRACE::2022-12-21.11:14:40::SCWPlatform:: Unique name xilinx:basys3::0.0
TRACE::2022-12-21.11:14:40::SCWPlatform::Trying to set the existing hwdb with name design_1_wrapper_3
TRACE::2022-12-21.11:14:40::SCWPlatform::Opened existing hwdb design_1_wrapper_3
TRACE::2022-12-21.11:14:40::SCWPlatform::Found the Hw Db part of the input DSA
TRACE::2022-12-21.11:14:40::SCWMssOS::Checking the sw design at  C:/Users/krist/workspace/rim_projekt/microblaze_0/standalone_microblaze_0/bsp/system.mss
TRACE::2022-12-21.11:14:40::SCWMssOS::DEBUG:  swdes dump  C:/Users/krist/workspace/rim_projekt/microblaze_0/standalone_microblaze_0/bsp/system.mss|system||

TRACE::2022-12-21.11:14:40::SCWMssOS::Sw design exists and opened at  C:/Users/krist/workspace/rim_projekt/microblaze_0/standalone_microblaze_0/bsp/system.mss
TRACE::2022-12-21.11:14:40::SCWWriter::formatted JSON is {
	"platformName":	"rim_projekt",
	"sprVersion":	"2.0",
	"mode":	"gui",
	"dsaType":	"Fixed",
	"platformDesc":	"rim_projekt",
	"platHandOff":	"C:/Users/krist/VivadoProjects/RIM_projekt/rim_projekt.xsa",
	"platIntHandOff":	"<platformDir>/hw/rim_projekt.xsa",
	"deviceType":	"FPGA",
	"platIsPrebuiltAutogen":	"false",
	"platIsNoBootBsp":	"false",
	"hasFsblMakeHasChanges":	"false",
	"hasPmufwMakeHasChanges":	"false",
	"platPreBuiltFlag":	false,
	"platformSamplesDir":	"",
	"platActiveSys":	"rim_projekt",
	"systems":	[{
			"systemName":	"rim_projekt",
			"systemDesc":	"rim_projekt",
			"sysIsBootAutoGen":	"true",
			"systemDispName":	"rim_projekt",
			"sysActiveDom":	"standalone_microblaze_0",
			"sysDefaultDom":	"standalone_microblaze_0",
			"domains":	[{
					"domainName":	"standalone_microblaze_0",
					"domainDispName":	"standalone_microblaze_0",
					"domainDesc":	"standalone_microblaze_0",
					"processors":	"microblaze_0",
					"os":	"standalone",
					"sdxOs":	"standalone",
					"debugEnable":	"False",
					"domRuntimes":	["cpp"],
					"swRepo":	"",
					"mssOsVer":	"8.0",
					"mssFile":	"",
					"md5Digest":	"94b3905716fb7793471be21d9a0ebdd7",
					"compatibleApp":	"empty_application",
					"domType":	"mssDomain",
					"arch":	"32-bit",
					"appSettings":	{
						"appCompilerFlags":	"",
						"appLinkerFlags":	""
					},
					"addedLibs":	[],
					"libOptions":	{
						"libsContainingOptions":	[]
					},
					"prebuiltLibs":	{
						"prebuiltIncPath":	[],
						"prebuiltLibPath":	[]
					},
					"isolation":	{
					}
				}]
		}]
}
LOG::2022-12-21.11:14:40::SCWPlatform::Started generating the artifacts platform rim_projekt
TRACE::2022-12-21.11:14:40::SCWPlatform::Sanity checking of platform is completed
LOG::2022-12-21.11:14:40::SCWPlatform::Started generating the artifacts for system configuration rim_projekt
LOG::2022-12-21.11:14:40::SCWSystem::Checking the domain standalone_microblaze_0
LOG::2022-12-21.11:14:40::SCWSystem::Not a boot domain 
LOG::2022-12-21.11:14:40::SCWSystem::Started Processing the domain standalone_microblaze_0
TRACE::2022-12-21.11:14:40::SCWDomain::Generating domain artifcats
TRACE::2022-12-21.11:14:40::SCWMssOS::Generating standalone artifcats
TRACE::2022-12-21.11:14:40::SCWMssOS:: Copying the user libraries. 
TRACE::2022-12-21.11:14:40::SCWPlatform::Trying to open the hw design at C:/Users/krist/workspace/rim_projekt/hw/rim_projekt.xsa
TRACE::2022-12-21.11:14:40::SCWPlatform::DSA given C:/Users/krist/workspace/rim_projekt/hw/rim_projekt.xsa
TRACE::2022-12-21.11:14:40::SCWPlatform::DSA absoulate path C:/Users/krist/workspace/rim_projekt/hw/rim_projekt.xsa
TRACE::2022-12-21.11:14:40::SCWPlatform::DSA directory C:/Users/krist/workspace/rim_projekt/hw
TRACE::2022-12-21.11:14:40::SCWPlatform:: Platform Path C:/Users/krist/workspace/rim_projekt/hw/rim_projekt.xsa
TRACE::2022-12-21.11:14:40::SCWPlatform:: Unique name xilinx:basys3::0.0
TRACE::2022-12-21.11:14:40::SCWPlatform::Trying to set the existing hwdb with name design_1_wrapper_3
TRACE::2022-12-21.11:14:40::SCWPlatform::Opened existing hwdb design_1_wrapper_3
TRACE::2022-12-21.11:14:40::SCWPlatform::Found the Hw Db part of the input DSA
TRACE::2022-12-21.11:14:40::SCWMssOS::Checking the sw design at  C:/Users/krist/workspace/rim_projekt/microblaze_0/standalone_microblaze_0/bsp/system.mss
TRACE::2022-12-21.11:14:40::SCWMssOS::DEBUG:  swdes dump  C:/Users/krist/workspace/rim_projekt/microblaze_0/standalone_microblaze_0/bsp/system.mss|system||

TRACE::2022-12-21.11:14:40::SCWMssOS::Sw design exists and opened at  C:/Users/krist/workspace/rim_projekt/microblaze_0/standalone_microblaze_0/bsp/system.mss
TRACE::2022-12-21.11:14:40::SCWMssOS::Completed writing the mss file at C:/Users/krist/workspace/rim_projekt/microblaze_0/standalone_microblaze_0/bsp
TRACE::2022-12-21.11:14:40::SCWMssOS::Mss edits present, copying mssfile into export location C:/Users/krist/workspace/rim_projekt/microblaze_0/standalone_microblaze_0/bsp/system.mss
TRACE::2022-12-21.11:14:40::SCWMssOS::bsp generated is upto date with the mss file. Skipping bsp generation.
TRACE::2022-12-21.11:14:40::SCWMssOS::BSP is already built. skipping the bsp build ... 
TRACE::2022-12-21.11:14:40::SCWDomain::Skipping the build for domain :  standalone_microblaze_0
TRACE::2022-12-21.11:14:40::SCWMssOS::skipping the bsp build ... 
TRACE::2022-12-21.11:14:40::SCWMssOS::Copying to export directory.
TRACE::2022-12-21.11:14:40::SCWMssOS:: Checking if to create the Supporting Applications
TRACE::2022-12-21.11:14:40::SCWMssOS:: No Linux domain exists, trying to generate FSBL 
LOG::2022-12-21.11:14:40::SCWSystem::Completed Processing the domain standalone_microblaze_0
LOG::2022-12-21.11:14:40::SCWSystem::Completed Processing the sysconfig rim_projekt
LOG::2022-12-21.11:14:40::SCWPlatform::Completed generating the artifacts for system configuration rim_projekt
TRACE::2022-12-21.11:14:40::SCWPlatform::Started preparing the platform 
TRACE::2022-12-21.11:14:40::SCWSystem::Writing the bif file for system config rim_projekt
TRACE::2022-12-21.11:14:40::SCWSystem::dir created 
TRACE::2022-12-21.11:14:40::SCWSystem::Writing the bif 
TRACE::2022-12-21.11:14:40::SCWPlatform::Started writing the spfm file 
TRACE::2022-12-21.11:14:40::SCWPlatform::Started writing the xpfm file 
TRACE::2022-12-21.11:14:40::SCWPlatform::Completed generating the platform
TRACE::2022-12-21.11:14:40::SCWMssOS::Saving the mss changes C:/Users/krist/workspace/rim_projekt/microblaze_0/standalone_microblaze_0/bsp/system.mss
TRACE::2022-12-21.11:14:40::SCWMssOS::Found a swdesign opened with the mssfile.
TRACE::2022-12-21.11:14:40::SCWMssOS::Completed writemss as part of save.
TRACE::2022-12-21.11:14:40::SCWMssOS::Commit changes completed.
TRACE::2022-12-21.11:14:40::SCWPlatform::Trying to open the hw design at C:/Users/krist/workspace/rim_projekt/hw/rim_projekt.xsa
TRACE::2022-12-21.11:14:40::SCWPlatform::DSA given C:/Users/krist/workspace/rim_projekt/hw/rim_projekt.xsa
TRACE::2022-12-21.11:14:40::SCWPlatform::DSA absoulate path C:/Users/krist/workspace/rim_projekt/hw/rim_projekt.xsa
TRACE::2022-12-21.11:14:40::SCWPlatform::DSA directory C:/Users/krist/workspace/rim_projekt/hw
TRACE::2022-12-21.11:14:40::SCWPlatform:: Platform Path C:/Users/krist/workspace/rim_projekt/hw/rim_projekt.xsa
TRACE::2022-12-21.11:14:40::SCWPlatform:: Unique name xilinx:basys3::0.0
TRACE::2022-12-21.11:14:40::SCWPlatform::Trying to set the existing hwdb with name design_1_wrapper_3
TRACE::2022-12-21.11:14:40::SCWPlatform::Opened existing hwdb design_1_wrapper_3
TRACE::2022-12-21.11:14:40::SCWPlatform::Found the Hw Db part of the input DSA
TRACE::2022-12-21.11:14:40::SCWMssOS::Checking the sw design at  C:/Users/krist/workspace/rim_projekt/microblaze_0/standalone_microblaze_0/bsp/system.mss
TRACE::2022-12-21.11:14:40::SCWMssOS::DEBUG:  swdes dump  C:/Users/krist/workspace/rim_projekt/microblaze_0/standalone_microblaze_0/bsp/system.mss|system||

TRACE::2022-12-21.11:14:40::SCWMssOS::Sw design exists and opened at  C:/Users/krist/workspace/rim_projekt/microblaze_0/standalone_microblaze_0/bsp/system.mss
TRACE::2022-12-21.11:14:40::SCWPlatform::Trying to open the hw design at C:/Users/krist/workspace/rim_projekt/hw/rim_projekt.xsa
TRACE::2022-12-21.11:14:40::SCWPlatform::DSA given C:/Users/krist/workspace/rim_projekt/hw/rim_projekt.xsa
TRACE::2022-12-21.11:14:40::SCWPlatform::DSA absoulate path C:/Users/krist/workspace/rim_projekt/hw/rim_projekt.xsa
TRACE::2022-12-21.11:14:40::SCWPlatform::DSA directory C:/Users/krist/workspace/rim_projekt/hw
TRACE::2022-12-21.11:14:40::SCWPlatform:: Platform Path C:/Users/krist/workspace/rim_projekt/hw/rim_projekt.xsa
TRACE::2022-12-21.11:14:40::SCWPlatform:: Unique name xilinx:basys3::0.0
TRACE::2022-12-21.11:14:40::SCWPlatform::Trying to set the existing hwdb with name design_1_wrapper_3
TRACE::2022-12-21.11:14:40::SCWPlatform::Opened existing hwdb design_1_wrapper_3
TRACE::2022-12-21.11:14:40::SCWPlatform::Found the Hw Db part of the input DSA
TRACE::2022-12-21.11:14:40::SCWMssOS::Checking the sw design at  C:/Users/krist/workspace/rim_projekt/microblaze_0/standalone_microblaze_0/bsp/system.mss
TRACE::2022-12-21.11:14:40::SCWMssOS::DEBUG:  swdes dump  C:/Users/krist/workspace/rim_projekt/microblaze_0/standalone_microblaze_0/bsp/system.mss|system||

TRACE::2022-12-21.11:14:40::SCWMssOS::Sw design exists and opened at  C:/Users/krist/workspace/rim_projekt/microblaze_0/standalone_microblaze_0/bsp/system.mss
TRACE::2022-12-21.11:14:40::SCWPlatform::Trying to open the hw design at C:/Users/krist/workspace/rim_projekt/hw/rim_projekt.xsa
TRACE::2022-12-21.11:14:40::SCWPlatform::DSA given C:/Users/krist/workspace/rim_projekt/hw/rim_projekt.xsa
TRACE::2022-12-21.11:14:40::SCWPlatform::DSA absoulate path C:/Users/krist/workspace/rim_projekt/hw/rim_projekt.xsa
TRACE::2022-12-21.11:14:40::SCWPlatform::DSA directory C:/Users/krist/workspace/rim_projekt/hw
TRACE::2022-12-21.11:14:40::SCWPlatform:: Platform Path C:/Users/krist/workspace/rim_projekt/hw/rim_projekt.xsa
TRACE::2022-12-21.11:14:40::SCWPlatform:: Unique name xilinx:basys3::0.0
TRACE::2022-12-21.11:14:40::SCWPlatform::Trying to set the existing hwdb with name design_1_wrapper_3
TRACE::2022-12-21.11:14:40::SCWPlatform::Opened existing hwdb design_1_wrapper_3
TRACE::2022-12-21.11:14:40::SCWPlatform::Found the Hw Db part of the input DSA
TRACE::2022-12-21.11:14:40::SCWMssOS::Checking the sw design at  C:/Users/krist/workspace/rim_projekt/microblaze_0/standalone_microblaze_0/bsp/system.mss
TRACE::2022-12-21.11:14:40::SCWMssOS::DEBUG:  swdes dump  C:/Users/krist/workspace/rim_projekt/microblaze_0/standalone_microblaze_0/bsp/system.mss|system||

TRACE::2022-12-21.11:14:40::SCWMssOS::Sw design exists and opened at  C:/Users/krist/workspace/rim_projekt/microblaze_0/standalone_microblaze_0/bsp/system.mss
TRACE::2022-12-21.11:14:40::SCWWriter::formatted JSON is {
	"platformName":	"rim_projekt",
	"sprVersion":	"2.0",
	"mode":	"gui",
	"dsaType":	"Fixed",
	"platformDesc":	"rim_projekt",
	"platHandOff":	"C:/Users/krist/VivadoProjects/RIM_projekt/rim_projekt.xsa",
	"platIntHandOff":	"<platformDir>/hw/rim_projekt.xsa",
	"deviceType":	"FPGA",
	"platIsPrebuiltAutogen":	"false",
	"platIsNoBootBsp":	"false",
	"hasFsblMakeHasChanges":	"false",
	"hasPmufwMakeHasChanges":	"false",
	"platPreBuiltFlag":	false,
	"platformSamplesDir":	"",
	"platActiveSys":	"rim_projekt",
	"systems":	[{
			"systemName":	"rim_projekt",
			"systemDesc":	"rim_projekt",
			"sysIsBootAutoGen":	"true",
			"systemDispName":	"rim_projekt",
			"sysActiveDom":	"standalone_microblaze_0",
			"sysDefaultDom":	"standalone_microblaze_0",
			"domains":	[{
					"domainName":	"standalone_microblaze_0",
					"domainDispName":	"standalone_microblaze_0",
					"domainDesc":	"standalone_microblaze_0",
					"processors":	"microblaze_0",
					"os":	"standalone",
					"sdxOs":	"standalone",
					"debugEnable":	"False",
					"domRuntimes":	["cpp"],
					"swRepo":	"",
					"mssOsVer":	"8.0",
					"mssFile":	"",
					"md5Digest":	"94b3905716fb7793471be21d9a0ebdd7",
					"compatibleApp":	"empty_application",
					"domType":	"mssDomain",
					"arch":	"32-bit",
					"appSettings":	{
						"appCompilerFlags":	"",
						"appLinkerFlags":	""
					},
					"addedLibs":	[],
					"libOptions":	{
						"libsContainingOptions":	[]
					},
					"prebuiltLibs":	{
						"prebuiltIncPath":	[],
						"prebuiltLibPath":	[]
					},
					"isolation":	{
					}
				}]
		}]
}
KEYINFO::2022-12-21.11:14:40::SCWPlatform::updated the xpfm file.
TRACE::2022-12-21.11:14:41::SCWPlatform::Trying to open the hw design at C:/Users/krist/workspace/rim_projekt/hw/rim_projekt.xsa
TRACE::2022-12-21.11:14:41::SCWPlatform::DSA given C:/Users/krist/workspace/rim_projekt/hw/rim_projekt.xsa
TRACE::2022-12-21.11:14:41::SCWPlatform::DSA absoulate path C:/Users/krist/workspace/rim_projekt/hw/rim_projekt.xsa
TRACE::2022-12-21.11:14:41::SCWPlatform::DSA directory C:/Users/krist/workspace/rim_projekt/hw
TRACE::2022-12-21.11:14:41::SCWPlatform:: Platform Path C:/Users/krist/workspace/rim_projekt/hw/rim_projekt.xsa
TRACE::2022-12-21.11:14:41::SCWPlatform:: Unique name xilinx:basys3::0.0
TRACE::2022-12-21.11:14:41::SCWPlatform::Trying to set the existing hwdb with name design_1_wrapper_3
TRACE::2022-12-21.11:14:41::SCWPlatform::Opened existing hwdb design_1_wrapper_3
TRACE::2022-12-21.11:14:41::SCWPlatform::Found the Hw Db part of the input DSA
TRACE::2022-12-21.11:14:41::SCWMssOS::Checking the sw design at  C:/Users/krist/workspace/rim_projekt/microblaze_0/standalone_microblaze_0/bsp/system.mss
TRACE::2022-12-21.11:14:41::SCWMssOS::DEBUG:  swdes dump  C:/Users/krist/workspace/rim_projekt/microblaze_0/standalone_microblaze_0/bsp/system.mss|system||

TRACE::2022-12-21.11:14:41::SCWMssOS::Sw design exists and opened at  C:/Users/krist/workspace/rim_projekt/microblaze_0/standalone_microblaze_0/bsp/system.mss
TRACE::2022-12-21.11:14:41::SCWMssOS::Saving the mss changes C:/Users/krist/workspace/rim_projekt/microblaze_0/standalone_microblaze_0/bsp/system.mss
TRACE::2022-12-21.11:14:41::SCWMssOS::Found a swdesign opened with the mssfile.
TRACE::2022-12-21.11:14:41::SCWMssOS::Completed writemss as part of save.
TRACE::2022-12-21.11:14:41::SCWMssOS::Commit changes completed.
TRACE::2022-12-21.11:14:41::SCWPlatform::Trying to open the hw design at C:/Users/krist/workspace/rim_projekt/hw/rim_projekt.xsa
TRACE::2022-12-21.11:14:41::SCWPlatform::DSA given C:/Users/krist/workspace/rim_projekt/hw/rim_projekt.xsa
TRACE::2022-12-21.11:14:41::SCWPlatform::DSA absoulate path C:/Users/krist/workspace/rim_projekt/hw/rim_projekt.xsa
TRACE::2022-12-21.11:14:41::SCWPlatform::DSA directory C:/Users/krist/workspace/rim_projekt/hw
TRACE::2022-12-21.11:14:41::SCWPlatform:: Platform Path C:/Users/krist/workspace/rim_projekt/hw/rim_projekt.xsa
TRACE::2022-12-21.11:14:41::SCWPlatform:: Unique name xilinx:basys3::0.0
TRACE::2022-12-21.11:14:41::SCWPlatform::Trying to set the existing hwdb with name design_1_wrapper_3
TRACE::2022-12-21.11:14:41::SCWPlatform::Opened existing hwdb design_1_wrapper_3
TRACE::2022-12-21.11:14:41::SCWPlatform::Found the Hw Db part of the input DSA
TRACE::2022-12-21.11:14:41::SCWMssOS::Checking the sw design at  C:/Users/krist/workspace/rim_projekt/microblaze_0/standalone_microblaze_0/bsp/system.mss
TRACE::2022-12-21.11:14:41::SCWMssOS::DEBUG:  swdes dump  C:/Users/krist/workspace/rim_projekt/microblaze_0/standalone_microblaze_0/bsp/system.mss|system||

TRACE::2022-12-21.11:14:41::SCWMssOS::Sw design exists and opened at  C:/Users/krist/workspace/rim_projekt/microblaze_0/standalone_microblaze_0/bsp/system.mss
TRACE::2022-12-21.11:14:41::SCWPlatform::Trying to open the hw design at C:/Users/krist/workspace/rim_projekt/hw/rim_projekt.xsa
TRACE::2022-12-21.11:14:41::SCWPlatform::DSA given C:/Users/krist/workspace/rim_projekt/hw/rim_projekt.xsa
TRACE::2022-12-21.11:14:41::SCWPlatform::DSA absoulate path C:/Users/krist/workspace/rim_projekt/hw/rim_projekt.xsa
TRACE::2022-12-21.11:14:41::SCWPlatform::DSA directory C:/Users/krist/workspace/rim_projekt/hw
TRACE::2022-12-21.11:14:41::SCWPlatform:: Platform Path C:/Users/krist/workspace/rim_projekt/hw/rim_projekt.xsa
TRACE::2022-12-21.11:14:41::SCWPlatform:: Unique name xilinx:basys3::0.0
TRACE::2022-12-21.11:14:41::SCWPlatform::Trying to set the existing hwdb with name design_1_wrapper_3
TRACE::2022-12-21.11:14:41::SCWPlatform::Opened existing hwdb design_1_wrapper_3
TRACE::2022-12-21.11:14:41::SCWPlatform::Found the Hw Db part of the input DSA
TRACE::2022-12-21.11:14:41::SCWMssOS::Checking the sw design at  C:/Users/krist/workspace/rim_projekt/microblaze_0/standalone_microblaze_0/bsp/system.mss
TRACE::2022-12-21.11:14:41::SCWMssOS::DEBUG:  swdes dump  C:/Users/krist/workspace/rim_projekt/microblaze_0/standalone_microblaze_0/bsp/system.mss|system||

TRACE::2022-12-21.11:14:41::SCWMssOS::Sw design exists and opened at  C:/Users/krist/workspace/rim_projekt/microblaze_0/standalone_microblaze_0/bsp/system.mss
TRACE::2022-12-21.11:14:41::SCWPlatform::Trying to open the hw design at C:/Users/krist/workspace/rim_projekt/hw/rim_projekt.xsa
TRACE::2022-12-21.11:14:41::SCWPlatform::DSA given C:/Users/krist/workspace/rim_projekt/hw/rim_projekt.xsa
TRACE::2022-12-21.11:14:41::SCWPlatform::DSA absoulate path C:/Users/krist/workspace/rim_projekt/hw/rim_projekt.xsa
TRACE::2022-12-21.11:14:41::SCWPlatform::DSA directory C:/Users/krist/workspace/rim_projekt/hw
TRACE::2022-12-21.11:14:41::SCWPlatform:: Platform Path C:/Users/krist/workspace/rim_projekt/hw/rim_projekt.xsa
TRACE::2022-12-21.11:14:41::SCWPlatform:: Unique name xilinx:basys3::0.0
TRACE::2022-12-21.11:14:41::SCWPlatform::Trying to set the existing hwdb with name design_1_wrapper_3
TRACE::2022-12-21.11:14:41::SCWPlatform::Opened existing hwdb design_1_wrapper_3
TRACE::2022-12-21.11:14:41::SCWPlatform::Found the Hw Db part of the input DSA
TRACE::2022-12-21.11:14:41::SCWMssOS::Checking the sw design at  C:/Users/krist/workspace/rim_projekt/microblaze_0/standalone_microblaze_0/bsp/system.mss
TRACE::2022-12-21.11:14:41::SCWMssOS::DEBUG:  swdes dump  C:/Users/krist/workspace/rim_projekt/microblaze_0/standalone_microblaze_0/bsp/system.mss|system||

TRACE::2022-12-21.11:14:41::SCWMssOS::Sw design exists and opened at  C:/Users/krist/workspace/rim_projekt/microblaze_0/standalone_microblaze_0/bsp/system.mss
TRACE::2022-12-21.11:14:41::SCWWriter::formatted JSON is {
	"platformName":	"rim_projekt",
	"sprVersion":	"2.0",
	"mode":	"gui",
	"dsaType":	"Fixed",
	"platformDesc":	"rim_projekt",
	"platHandOff":	"C:/Users/krist/VivadoProjects/RIM_projekt/rim_projekt.xsa",
	"platIntHandOff":	"<platformDir>/hw/rim_projekt.xsa",
	"deviceType":	"FPGA",
	"platIsPrebuiltAutogen":	"false",
	"platIsNoBootBsp":	"false",
	"hasFsblMakeHasChanges":	"false",
	"hasPmufwMakeHasChanges":	"false",
	"platPreBuiltFlag":	false,
	"platformSamplesDir":	"",
	"platActiveSys":	"rim_projekt",
	"systems":	[{
			"systemName":	"rim_projekt",
			"systemDesc":	"rim_projekt",
			"sysIsBootAutoGen":	"true",
			"systemDispName":	"rim_projekt",
			"sysActiveDom":	"standalone_microblaze_0",
			"sysDefaultDom":	"standalone_microblaze_0",
			"domains":	[{
					"domainName":	"standalone_microblaze_0",
					"domainDispName":	"standalone_microblaze_0",
					"domainDesc":	"standalone_microblaze_0",
					"processors":	"microblaze_0",
					"os":	"standalone",
					"sdxOs":	"standalone",
					"debugEnable":	"False",
					"domRuntimes":	["cpp"],
					"swRepo":	"",
					"mssOsVer":	"8.0",
					"mssFile":	"",
					"md5Digest":	"94b3905716fb7793471be21d9a0ebdd7",
					"compatibleApp":	"empty_application",
					"domType":	"mssDomain",
					"arch":	"32-bit",
					"appSettings":	{
						"appCompilerFlags":	"",
						"appLinkerFlags":	""
					},
					"addedLibs":	[],
					"libOptions":	{
						"libsContainingOptions":	[]
					},
					"prebuiltLibs":	{
						"prebuiltIncPath":	[],
						"prebuiltLibPath":	[]
					},
					"isolation":	{
					}
				}]
		}]
}
TRACE::2022-12-21.11:14:41::SCWPlatform::Trying to open the hw design at C:/Users/krist/workspace/rim_projekt/hw/rim_projekt.xsa
TRACE::2022-12-21.11:14:41::SCWPlatform::DSA given C:/Users/krist/workspace/rim_projekt/hw/rim_projekt.xsa
TRACE::2022-12-21.11:14:41::SCWPlatform::DSA absoulate path C:/Users/krist/workspace/rim_projekt/hw/rim_projekt.xsa
TRACE::2022-12-21.11:14:41::SCWPlatform::DSA directory C:/Users/krist/workspace/rim_projekt/hw
TRACE::2022-12-21.11:14:41::SCWPlatform:: Platform Path C:/Users/krist/workspace/rim_projekt/hw/rim_projekt.xsa
TRACE::2022-12-21.11:14:41::SCWPlatform:: Unique name xilinx:basys3::0.0
TRACE::2022-12-21.11:14:41::SCWPlatform::Trying to set the existing hwdb with name design_1_wrapper_3
TRACE::2022-12-21.11:14:41::SCWPlatform::Opened existing hwdb design_1_wrapper_3
TRACE::2022-12-21.11:14:41::SCWPlatform::Found the Hw Db part of the input DSA
TRACE::2022-12-21.11:14:41::SCWMssOS::Checking the sw design at  C:/Users/krist/workspace/rim_projekt/microblaze_0/standalone_microblaze_0/bsp/system.mss
TRACE::2022-12-21.11:14:41::SCWMssOS::DEBUG:  swdes dump  C:/Users/krist/workspace/rim_projekt/microblaze_0/standalone_microblaze_0/bsp/system.mss|system||

TRACE::2022-12-21.11:14:41::SCWMssOS::Sw design exists and opened at  C:/Users/krist/workspace/rim_projekt/microblaze_0/standalone_microblaze_0/bsp/system.mss
TRACE::2022-12-21.11:14:41::SCWPlatform::Trying to open the hw design at C:/Users/krist/workspace/rim_projekt/hw/rim_projekt.xsa
TRACE::2022-12-21.11:14:41::SCWPlatform::DSA given C:/Users/krist/workspace/rim_projekt/hw/rim_projekt.xsa
TRACE::2022-12-21.11:14:41::SCWPlatform::DSA absoulate path C:/Users/krist/workspace/rim_projekt/hw/rim_projekt.xsa
TRACE::2022-12-21.11:14:41::SCWPlatform::DSA directory C:/Users/krist/workspace/rim_projekt/hw
TRACE::2022-12-21.11:14:41::SCWPlatform:: Platform Path C:/Users/krist/workspace/rim_projekt/hw/rim_projekt.xsa
TRACE::2022-12-21.11:14:41::SCWPlatform:: Unique name xilinx:basys3::0.0
TRACE::2022-12-21.11:14:41::SCWPlatform::Trying to set the existing hwdb with name design_1_wrapper_3
TRACE::2022-12-21.11:14:41::SCWPlatform::Opened existing hwdb design_1_wrapper_3
TRACE::2022-12-21.11:14:41::SCWPlatform::Found the Hw Db part of the input DSA
TRACE::2022-12-21.11:14:41::SCWMssOS::Checking the sw design at  C:/Users/krist/workspace/rim_projekt/microblaze_0/standalone_microblaze_0/bsp/system.mss
TRACE::2022-12-21.11:14:41::SCWMssOS::DEBUG:  swdes dump  C:/Users/krist/workspace/rim_projekt/microblaze_0/standalone_microblaze_0/bsp/system.mss|system||

TRACE::2022-12-21.11:14:41::SCWMssOS::Sw design exists and opened at  C:/Users/krist/workspace/rim_projekt/microblaze_0/standalone_microblaze_0/bsp/system.mss
TRACE::2022-12-21.11:14:41::SCWMssOS::Saving the mss changes C:/Users/krist/workspace/rim_projekt/microblaze_0/standalone_microblaze_0/bsp/system.mss
TRACE::2022-12-21.11:14:41::SCWMssOS::Found a swdesign opened with the mssfile.
TRACE::2022-12-21.11:14:41::SCWMssOS::Completed writemss as part of save.
TRACE::2022-12-21.11:14:41::SCWMssOS::Commit changes completed.
TRACE::2022-12-21.11:14:41::SCWPlatform::Trying to open the hw design at C:/Users/krist/workspace/rim_projekt/hw/rim_projekt.xsa
TRACE::2022-12-21.11:14:41::SCWPlatform::DSA given C:/Users/krist/workspace/rim_projekt/hw/rim_projekt.xsa
TRACE::2022-12-21.11:14:41::SCWPlatform::DSA absoulate path C:/Users/krist/workspace/rim_projekt/hw/rim_projekt.xsa
TRACE::2022-12-21.11:14:41::SCWPlatform::DSA directory C:/Users/krist/workspace/rim_projekt/hw
TRACE::2022-12-21.11:14:41::SCWPlatform:: Platform Path C:/Users/krist/workspace/rim_projekt/hw/rim_projekt.xsa
TRACE::2022-12-21.11:14:41::SCWPlatform:: Unique name xilinx:basys3::0.0
TRACE::2022-12-21.11:14:41::SCWPlatform::Trying to set the existing hwdb with name design_1_wrapper_3
TRACE::2022-12-21.11:14:41::SCWPlatform::Opened existing hwdb design_1_wrapper_3
TRACE::2022-12-21.11:14:41::SCWPlatform::Found the Hw Db part of the input DSA
TRACE::2022-12-21.11:14:41::SCWMssOS::Checking the sw design at  C:/Users/krist/workspace/rim_projekt/microblaze_0/standalone_microblaze_0/bsp/system.mss
TRACE::2022-12-21.11:14:41::SCWMssOS::DEBUG:  swdes dump  C:/Users/krist/workspace/rim_projekt/microblaze_0/standalone_microblaze_0/bsp/system.mss|system||

TRACE::2022-12-21.11:14:41::SCWMssOS::Sw design exists and opened at  C:/Users/krist/workspace/rim_projekt/microblaze_0/standalone_microblaze_0/bsp/system.mss
TRACE::2022-12-21.11:14:41::SCWPlatform::Trying to open the hw design at C:/Users/krist/workspace/rim_projekt/hw/rim_projekt.xsa
TRACE::2022-12-21.11:14:41::SCWPlatform::DSA given C:/Users/krist/workspace/rim_projekt/hw/rim_projekt.xsa
TRACE::2022-12-21.11:14:41::SCWPlatform::DSA absoulate path C:/Users/krist/workspace/rim_projekt/hw/rim_projekt.xsa
TRACE::2022-12-21.11:14:41::SCWPlatform::DSA directory C:/Users/krist/workspace/rim_projekt/hw
TRACE::2022-12-21.11:14:41::SCWPlatform:: Platform Path C:/Users/krist/workspace/rim_projekt/hw/rim_projekt.xsa
TRACE::2022-12-21.11:14:41::SCWPlatform:: Unique name xilinx:basys3::0.0
TRACE::2022-12-21.11:14:41::SCWPlatform::Trying to set the existing hwdb with name design_1_wrapper_3
TRACE::2022-12-21.11:14:41::SCWPlatform::Opened existing hwdb design_1_wrapper_3
TRACE::2022-12-21.11:14:41::SCWPlatform::Found the Hw Db part of the input DSA
TRACE::2022-12-21.11:14:41::SCWMssOS::Checking the sw design at  C:/Users/krist/workspace/rim_projekt/microblaze_0/standalone_microblaze_0/bsp/system.mss
TRACE::2022-12-21.11:14:41::SCWMssOS::DEBUG:  swdes dump  C:/Users/krist/workspace/rim_projekt/microblaze_0/standalone_microblaze_0/bsp/system.mss|system||

TRACE::2022-12-21.11:14:41::SCWMssOS::Sw design exists and opened at  C:/Users/krist/workspace/rim_projekt/microblaze_0/standalone_microblaze_0/bsp/system.mss
TRACE::2022-12-21.11:14:41::SCWPlatform::Trying to open the hw design at C:/Users/krist/workspace/rim_projekt/hw/rim_projekt.xsa
TRACE::2022-12-21.11:14:41::SCWPlatform::DSA given C:/Users/krist/workspace/rim_projekt/hw/rim_projekt.xsa
TRACE::2022-12-21.11:14:41::SCWPlatform::DSA absoulate path C:/Users/krist/workspace/rim_projekt/hw/rim_projekt.xsa
TRACE::2022-12-21.11:14:41::SCWPlatform::DSA directory C:/Users/krist/workspace/rim_projekt/hw
TRACE::2022-12-21.11:14:41::SCWPlatform:: Platform Path C:/Users/krist/workspace/rim_projekt/hw/rim_projekt.xsa
TRACE::2022-12-21.11:14:41::SCWPlatform:: Unique name xilinx:basys3::0.0
TRACE::2022-12-21.11:14:41::SCWPlatform::Trying to set the existing hwdb with name design_1_wrapper_3
TRACE::2022-12-21.11:14:41::SCWPlatform::Opened existing hwdb design_1_wrapper_3
TRACE::2022-12-21.11:14:41::SCWPlatform::Found the Hw Db part of the input DSA
TRACE::2022-12-21.11:14:41::SCWMssOS::Checking the sw design at  C:/Users/krist/workspace/rim_projekt/microblaze_0/standalone_microblaze_0/bsp/system.mss
TRACE::2022-12-21.11:14:41::SCWMssOS::DEBUG:  swdes dump  C:/Users/krist/workspace/rim_projekt/microblaze_0/standalone_microblaze_0/bsp/system.mss|system||

TRACE::2022-12-21.11:14:41::SCWMssOS::Sw design exists and opened at  C:/Users/krist/workspace/rim_projekt/microblaze_0/standalone_microblaze_0/bsp/system.mss
TRACE::2022-12-21.11:14:41::SCWWriter::formatted JSON is {
	"platformName":	"rim_projekt",
	"sprVersion":	"2.0",
	"mode":	"gui",
	"dsaType":	"Fixed",
	"platformDesc":	"rim_projekt",
	"platHandOff":	"C:/Users/krist/VivadoProjects/RIM_projekt/rim_projekt.xsa",
	"platIntHandOff":	"<platformDir>/hw/rim_projekt.xsa",
	"deviceType":	"FPGA",
	"platIsPrebuiltAutogen":	"false",
	"platIsNoBootBsp":	"false",
	"hasFsblMakeHasChanges":	"false",
	"hasPmufwMakeHasChanges":	"false",
	"platPreBuiltFlag":	false,
	"platformSamplesDir":	"",
	"platActiveSys":	"rim_projekt",
	"systems":	[{
			"systemName":	"rim_projekt",
			"systemDesc":	"rim_projekt",
			"sysIsBootAutoGen":	"true",
			"systemDispName":	"rim_projekt",
			"sysActiveDom":	"standalone_microblaze_0",
			"sysDefaultDom":	"standalone_microblaze_0",
			"domains":	[{
					"domainName":	"standalone_microblaze_0",
					"domainDispName":	"standalone_microblaze_0",
					"domainDesc":	"standalone_microblaze_0",
					"processors":	"microblaze_0",
					"os":	"standalone",
					"sdxOs":	"standalone",
					"debugEnable":	"False",
					"domRuntimes":	["cpp"],
					"swRepo":	"",
					"mssOsVer":	"8.0",
					"mssFile":	"",
					"md5Digest":	"94b3905716fb7793471be21d9a0ebdd7",
					"compatibleApp":	"empty_application",
					"domType":	"mssDomain",
					"arch":	"32-bit",
					"appSettings":	{
						"appCompilerFlags":	"",
						"appLinkerFlags":	""
					},
					"addedLibs":	[],
					"libOptions":	{
						"libsContainingOptions":	[]
					},
					"prebuiltLibs":	{
						"prebuiltIncPath":	[],
						"prebuiltLibPath":	[]
					},
					"isolation":	{
					}
				}]
		}]
}
LOG::2022-12-21.11:14:41::SCWPlatform::Started generating the artifacts platform rim_projekt
TRACE::2022-12-21.11:14:41::SCWPlatform::Sanity checking of platform is completed
LOG::2022-12-21.11:14:41::SCWPlatform::Started generating the artifacts for system configuration rim_projekt
LOG::2022-12-21.11:14:41::SCWSystem::Started Processing the domain standalone_microblaze_0
TRACE::2022-12-21.11:14:41::SCWDomain::Generating domain artifcats
TRACE::2022-12-21.11:14:41::SCWMssOS::Generating standalone artifcats
TRACE::2022-12-21.11:14:41::SCWMssOS:: Copying the user libraries. 
TRACE::2022-12-21.11:14:41::SCWPlatform::Trying to open the hw design at C:/Users/krist/workspace/rim_projekt/hw/rim_projekt.xsa
TRACE::2022-12-21.11:14:41::SCWPlatform::DSA given C:/Users/krist/workspace/rim_projekt/hw/rim_projekt.xsa
TRACE::2022-12-21.11:14:41::SCWPlatform::DSA absoulate path C:/Users/krist/workspace/rim_projekt/hw/rim_projekt.xsa
TRACE::2022-12-21.11:14:41::SCWPlatform::DSA directory C:/Users/krist/workspace/rim_projekt/hw
TRACE::2022-12-21.11:14:41::SCWPlatform:: Platform Path C:/Users/krist/workspace/rim_projekt/hw/rim_projekt.xsa
TRACE::2022-12-21.11:14:41::SCWPlatform:: Unique name xilinx:basys3::0.0
TRACE::2022-12-21.11:14:41::SCWPlatform::Trying to set the existing hwdb with name design_1_wrapper_3
TRACE::2022-12-21.11:14:41::SCWPlatform::Opened existing hwdb design_1_wrapper_3
TRACE::2022-12-21.11:14:41::SCWPlatform::Found the Hw Db part of the input DSA
TRACE::2022-12-21.11:14:41::SCWMssOS::Checking the sw design at  C:/Users/krist/workspace/rim_projekt/microblaze_0/standalone_microblaze_0/bsp/system.mss
TRACE::2022-12-21.11:14:41::SCWMssOS::DEBUG:  swdes dump  C:/Users/krist/workspace/rim_projekt/microblaze_0/standalone_microblaze_0/bsp/system.mss|system||

TRACE::2022-12-21.11:14:41::SCWMssOS::Sw design exists and opened at  C:/Users/krist/workspace/rim_projekt/microblaze_0/standalone_microblaze_0/bsp/system.mss
TRACE::2022-12-21.11:14:41::SCWMssOS::Completed writing the mss file at C:/Users/krist/workspace/rim_projekt/microblaze_0/standalone_microblaze_0/bsp
TRACE::2022-12-21.11:14:41::SCWMssOS::Mss edits present, copying mssfile into export location C:/Users/krist/workspace/rim_projekt/microblaze_0/standalone_microblaze_0/bsp/system.mss
TRACE::2022-12-21.11:14:41::SCWMssOS::bsp generated is upto date with the mss file. Skipping bsp generation.
TRACE::2022-12-21.11:14:41::SCWMssOS::BSP is already built. skipping the bsp build ... 
TRACE::2022-12-21.11:14:41::SCWDomain::Building the domain as part of full build :  standalone_microblaze_0
TRACE::2022-12-21.11:14:41::SCWMssOS::skipping the bsp build ... 
TRACE::2022-12-21.11:14:41::SCWMssOS::Copying to export directory.
TRACE::2022-12-21.11:14:41::SCWMssOS:: Checking if to create the Supporting Applications
TRACE::2022-12-21.11:14:41::SCWMssOS:: No Linux domain exists, trying to generate FSBL 
LOG::2022-12-21.11:14:41::SCWSystem::Completed Processing the domain standalone_microblaze_0
LOG::2022-12-21.11:14:41::SCWSystem::Completed Processing the sysconfig rim_projekt
LOG::2022-12-21.11:14:41::SCWPlatform::Completed generating the artifacts for system configuration rim_projekt
TRACE::2022-12-21.11:14:41::SCWPlatform::Started preparing the platform 
TRACE::2022-12-21.11:14:41::SCWSystem::Writing the bif file for system config rim_projekt
TRACE::2022-12-21.11:14:41::SCWSystem::dir created 
TRACE::2022-12-21.11:14:41::SCWSystem::Writing the bif 
TRACE::2022-12-21.11:14:41::SCWPlatform::Started writing the spfm file 
TRACE::2022-12-21.11:14:41::SCWPlatform::Started writing the xpfm file 
TRACE::2022-12-21.11:14:41::SCWPlatform::Completed generating the platform
TRACE::2022-12-21.11:14:41::SCWMssOS::Saving the mss changes C:/Users/krist/workspace/rim_projekt/microblaze_0/standalone_microblaze_0/bsp/system.mss
TRACE::2022-12-21.11:14:41::SCWMssOS::Found a swdesign opened with the mssfile.
TRACE::2022-12-21.11:14:41::SCWMssOS::Completed writemss as part of save.
TRACE::2022-12-21.11:14:41::SCWMssOS::Commit changes completed.
TRACE::2022-12-21.11:14:41::SCWPlatform::Trying to open the hw design at C:/Users/krist/workspace/rim_projekt/hw/rim_projekt.xsa
TRACE::2022-12-21.11:14:41::SCWPlatform::DSA given C:/Users/krist/workspace/rim_projekt/hw/rim_projekt.xsa
TRACE::2022-12-21.11:14:41::SCWPlatform::DSA absoulate path C:/Users/krist/workspace/rim_projekt/hw/rim_projekt.xsa
TRACE::2022-12-21.11:14:41::SCWPlatform::DSA directory C:/Users/krist/workspace/rim_projekt/hw
TRACE::2022-12-21.11:14:41::SCWPlatform:: Platform Path C:/Users/krist/workspace/rim_projekt/hw/rim_projekt.xsa
TRACE::2022-12-21.11:14:41::SCWPlatform:: Unique name xilinx:basys3::0.0
TRACE::2022-12-21.11:14:41::SCWPlatform::Trying to set the existing hwdb with name design_1_wrapper_3
TRACE::2022-12-21.11:14:41::SCWPlatform::Opened existing hwdb design_1_wrapper_3
TRACE::2022-12-21.11:14:41::SCWPlatform::Found the Hw Db part of the input DSA
TRACE::2022-12-21.11:14:41::SCWMssOS::Checking the sw design at  C:/Users/krist/workspace/rim_projekt/microblaze_0/standalone_microblaze_0/bsp/system.mss
TRACE::2022-12-21.11:14:41::SCWMssOS::DEBUG:  swdes dump  C:/Users/krist/workspace/rim_projekt/microblaze_0/standalone_microblaze_0/bsp/system.mss|system||

TRACE::2022-12-21.11:14:41::SCWMssOS::Sw design exists and opened at  C:/Users/krist/workspace/rim_projekt/microblaze_0/standalone_microblaze_0/bsp/system.mss
TRACE::2022-12-21.11:14:41::SCWPlatform::Trying to open the hw design at C:/Users/krist/workspace/rim_projekt/hw/rim_projekt.xsa
TRACE::2022-12-21.11:14:41::SCWPlatform::DSA given C:/Users/krist/workspace/rim_projekt/hw/rim_projekt.xsa
TRACE::2022-12-21.11:14:41::SCWPlatform::DSA absoulate path C:/Users/krist/workspace/rim_projekt/hw/rim_projekt.xsa
TRACE::2022-12-21.11:14:41::SCWPlatform::DSA directory C:/Users/krist/workspace/rim_projekt/hw
TRACE::2022-12-21.11:14:41::SCWPlatform:: Platform Path C:/Users/krist/workspace/rim_projekt/hw/rim_projekt.xsa
TRACE::2022-12-21.11:14:41::SCWPlatform:: Unique name xilinx:basys3::0.0
TRACE::2022-12-21.11:14:41::SCWPlatform::Trying to set the existing hwdb with name design_1_wrapper_3
TRACE::2022-12-21.11:14:41::SCWPlatform::Opened existing hwdb design_1_wrapper_3
TRACE::2022-12-21.11:14:41::SCWPlatform::Found the Hw Db part of the input DSA
TRACE::2022-12-21.11:14:41::SCWMssOS::Checking the sw design at  C:/Users/krist/workspace/rim_projekt/microblaze_0/standalone_microblaze_0/bsp/system.mss
TRACE::2022-12-21.11:14:41::SCWMssOS::DEBUG:  swdes dump  C:/Users/krist/workspace/rim_projekt/microblaze_0/standalone_microblaze_0/bsp/system.mss|system||

TRACE::2022-12-21.11:14:41::SCWMssOS::Sw design exists and opened at  C:/Users/krist/workspace/rim_projekt/microblaze_0/standalone_microblaze_0/bsp/system.mss
TRACE::2022-12-21.11:14:41::SCWPlatform::Trying to open the hw design at C:/Users/krist/workspace/rim_projekt/hw/rim_projekt.xsa
TRACE::2022-12-21.11:14:41::SCWPlatform::DSA given C:/Users/krist/workspace/rim_projekt/hw/rim_projekt.xsa
TRACE::2022-12-21.11:14:41::SCWPlatform::DSA absoulate path C:/Users/krist/workspace/rim_projekt/hw/rim_projekt.xsa
TRACE::2022-12-21.11:14:41::SCWPlatform::DSA directory C:/Users/krist/workspace/rim_projekt/hw
TRACE::2022-12-21.11:14:41::SCWPlatform:: Platform Path C:/Users/krist/workspace/rim_projekt/hw/rim_projekt.xsa
TRACE::2022-12-21.11:14:41::SCWPlatform:: Unique name xilinx:basys3::0.0
TRACE::2022-12-21.11:14:41::SCWPlatform::Trying to set the existing hwdb with name design_1_wrapper_3
TRACE::2022-12-21.11:14:41::SCWPlatform::Opened existing hwdb design_1_wrapper_3
TRACE::2022-12-21.11:14:41::SCWPlatform::Found the Hw Db part of the input DSA
TRACE::2022-12-21.11:14:41::SCWMssOS::Checking the sw design at  C:/Users/krist/workspace/rim_projekt/microblaze_0/standalone_microblaze_0/bsp/system.mss
TRACE::2022-12-21.11:14:41::SCWMssOS::DEBUG:  swdes dump  C:/Users/krist/workspace/rim_projekt/microblaze_0/standalone_microblaze_0/bsp/system.mss|system||

TRACE::2022-12-21.11:14:41::SCWMssOS::Sw design exists and opened at  C:/Users/krist/workspace/rim_projekt/microblaze_0/standalone_microblaze_0/bsp/system.mss
TRACE::2022-12-21.11:14:41::SCWWriter::formatted JSON is {
	"platformName":	"rim_projekt",
	"sprVersion":	"2.0",
	"mode":	"gui",
	"dsaType":	"Fixed",
	"platformDesc":	"rim_projekt",
	"platHandOff":	"C:/Users/krist/VivadoProjects/RIM_projekt/rim_projekt.xsa",
	"platIntHandOff":	"<platformDir>/hw/rim_projekt.xsa",
	"deviceType":	"FPGA",
	"platIsPrebuiltAutogen":	"false",
	"platIsNoBootBsp":	"false",
	"hasFsblMakeHasChanges":	"false",
	"hasPmufwMakeHasChanges":	"false",
	"platPreBuiltFlag":	false,
	"platformSamplesDir":	"",
	"platActiveSys":	"rim_projekt",
	"systems":	[{
			"systemName":	"rim_projekt",
			"systemDesc":	"rim_projekt",
			"sysIsBootAutoGen":	"true",
			"systemDispName":	"rim_projekt",
			"sysActiveDom":	"standalone_microblaze_0",
			"sysDefaultDom":	"standalone_microblaze_0",
			"domains":	[{
					"domainName":	"standalone_microblaze_0",
					"domainDispName":	"standalone_microblaze_0",
					"domainDesc":	"standalone_microblaze_0",
					"processors":	"microblaze_0",
					"os":	"standalone",
					"sdxOs":	"standalone",
					"debugEnable":	"False",
					"domRuntimes":	["cpp"],
					"swRepo":	"",
					"mssOsVer":	"8.0",
					"mssFile":	"",
					"md5Digest":	"94b3905716fb7793471be21d9a0ebdd7",
					"compatibleApp":	"empty_application",
					"domType":	"mssDomain",
					"arch":	"32-bit",
					"appSettings":	{
						"appCompilerFlags":	"",
						"appLinkerFlags":	""
					},
					"addedLibs":	[],
					"libOptions":	{
						"libsContainingOptions":	[]
					},
					"prebuiltLibs":	{
						"prebuiltIncPath":	[],
						"prebuiltLibPath":	[]
					},
					"isolation":	{
					}
				}]
		}]
}
KEYINFO::2022-12-21.11:14:41::SCWPlatform::updated the xpfm file.
LOG::2022-12-21.11:25:07::SCWPlatform::Started generating the artifacts platform rim_projekt
TRACE::2022-12-21.11:25:07::SCWPlatform::Sanity checking of platform is completed
LOG::2022-12-21.11:25:07::SCWPlatform::Started generating the artifacts for system configuration rim_projekt
LOG::2022-12-21.11:25:07::SCWSystem::Checking the domain standalone_microblaze_0
LOG::2022-12-21.11:25:07::SCWSystem::Not a boot domain 
LOG::2022-12-21.11:25:07::SCWSystem::Started Processing the domain standalone_microblaze_0
TRACE::2022-12-21.11:25:07::SCWDomain::Generating domain artifcats
TRACE::2022-12-21.11:25:07::SCWMssOS::Generating standalone artifcats
TRACE::2022-12-21.11:25:07::SCWMssOS:: Copying the user libraries. 
TRACE::2022-12-21.11:25:07::SCWPlatform::Trying to open the hw design at C:/Users/krist/workspace/rim_projekt/hw/rim_projekt.xsa
TRACE::2022-12-21.11:25:07::SCWPlatform::DSA given C:/Users/krist/workspace/rim_projekt/hw/rim_projekt.xsa
TRACE::2022-12-21.11:25:07::SCWPlatform::DSA absoulate path C:/Users/krist/workspace/rim_projekt/hw/rim_projekt.xsa
TRACE::2022-12-21.11:25:07::SCWPlatform::DSA directory C:/Users/krist/workspace/rim_projekt/hw
TRACE::2022-12-21.11:25:07::SCWPlatform:: Platform Path C:/Users/krist/workspace/rim_projekt/hw/rim_projekt.xsa
TRACE::2022-12-21.11:25:07::SCWPlatform:: Unique name xilinx:basys3::0.0
TRACE::2022-12-21.11:25:07::SCWPlatform::Trying to set the existing hwdb with name design_1_wrapper_3
TRACE::2022-12-21.11:25:07::SCWPlatform::Opened existing hwdb design_1_wrapper_3
TRACE::2022-12-21.11:25:07::SCWPlatform::Found the Hw Db part of the input DSA
TRACE::2022-12-21.11:25:07::SCWMssOS::Checking the sw design at  C:/Users/krist/workspace/rim_projekt/microblaze_0/standalone_microblaze_0/bsp/system.mss
TRACE::2022-12-21.11:25:07::SCWMssOS::DEBUG:  swdes dump  C:/Users/krist/workspace/rim_projekt/microblaze_0/standalone_microblaze_0/bsp/system.mss|system||

TRACE::2022-12-21.11:25:07::SCWMssOS::Sw design exists and opened at  C:/Users/krist/workspace/rim_projekt/microblaze_0/standalone_microblaze_0/bsp/system.mss
TRACE::2022-12-21.11:25:07::SCWMssOS::Completed writing the mss file at C:/Users/krist/workspace/rim_projekt/microblaze_0/standalone_microblaze_0/bsp
TRACE::2022-12-21.11:25:07::SCWMssOS::Mss edits present, copying mssfile into export location C:/Users/krist/workspace/rim_projekt/microblaze_0/standalone_microblaze_0/bsp/system.mss
TRACE::2022-12-21.11:25:07::SCWMssOS::bsp generated is upto date with the mss file. Skipping bsp generation.
TRACE::2022-12-21.11:25:07::SCWMssOS::BSP is already built. skipping the bsp build ... 
TRACE::2022-12-21.11:25:07::SCWDomain::Building the domain as part of full build :  standalone_microblaze_0
TRACE::2022-12-21.11:25:07::SCWMssOS::doing bsp build ... 
TRACE::2022-12-21.11:25:07::SCWMssOS::System Command Ran  C: & cd  C:/Users/krist/workspace/rim_projekt/microblaze_0/standalone_microblaze_0/bsp & make 
TRACE::2022-12-21.11:25:07::SCWMssOS::make --no-print-directory seq_libs

TRACE::2022-12-21.11:25:07::SCWMssOS::'Finished building libraries sequentially.'

TRACE::2022-12-21.11:25:07::SCWMssOS::make -j 14 --no-print-directory par_libs

TRACE::2022-12-21.11:25:07::SCWMssOS::"Running Make include in microblaze_0/libsrc/bram_v4_8/src"

TRACE::2022-12-21.11:25:07::SCWMssOS::make -C microblaze_0/libsrc/bram_v4_8/src -s include  "SHELL=CMD" "COMPILER=mb-gcc" "ASSEMBLER=mb-as" "ARCHIVER=mb-ar" "COMPILE
TRACE::2022-12-21.11:25:07::SCWMssOS::R_FLAGS=  -O2 -c -mcpu=v11.0 -mlittle-endian -mxl-soft-mul" "EXTRA_COMPILER_FLAGS=-g -ffunction-sections -fdata-sections -Wall 
TRACE::2022-12-21.11:25:07::SCWMssOS::-Wextra -fno-tree-loop-distribute-patterns"

TRACE::2022-12-21.11:25:07::SCWMssOS::"Running Make include in microblaze_0/libsrc/cpu_v2_16/src"

TRACE::2022-12-21.11:25:07::SCWMssOS::"Running Make include in microblaze_0/libsrc/gpio_v4_9/src"

TRACE::2022-12-21.11:25:07::SCWMssOS::make -C microblaze_0/libsrc/cpu_v2_16/src -s include  "SHELL=CMD" "COMPILER=mb-gcc" "ASSEMBLER=mb-as" "ARCHIVER=mb-ar" "COMPILE
TRACE::2022-12-21.11:25:07::SCWMssOS::R_FLAGS=  -O2 -c -mcpu=v11.0 -mlittle-endian -mxl-soft-mul" "EXTRA_COMPILER_FLAGS=-g -ffunction-sections -fdata-sections -Wall 
TRACE::2022-12-21.11:25:07::SCWMssOS::-Wextra -fno-tree-loop-distribute-patterns"

TRACE::2022-12-21.11:25:07::SCWMssOS::make -C microblaze_0/libsrc/gpio_v4_9/src -s include  "SHELL=CMD" "COMPILER=mb-gcc" "ASSEMBLER=mb-as" "ARCHIVER=mb-ar" "COMPILE
TRACE::2022-12-21.11:25:07::SCWMssOS::R_FLAGS=  -O2 -c -mcpu=v11.0 -mlittle-endian -mxl-soft-mul" "EXTRA_COMPILER_FLAGS=-g -ffunction-sections -fdata-sections -Wall 
TRACE::2022-12-21.11:25:07::SCWMssOS::-Wextra -fno-tree-loop-distribute-patterns"

TRACE::2022-12-21.11:25:07::SCWMssOS::"Running Make include in microblaze_0/libsrc/standalone_v8_0/src"

TRACE::2022-12-21.11:25:07::SCWMssOS::make -C microblaze_0/libsrc/standalone_v8_0/src -s include  "SHELL=CMD" "COMPILER=mb-gcc" "ASSEMBLER=mb-as" "ARCHIVER=mb-ar" "C
TRACE::2022-12-21.11:25:07::SCWMssOS::OMPILER_FLAGS=  -O2 -c -mcpu=v11.0 -mlittle-endian -mxl-soft-mul" "EXTRA_COMPILER_FLAGS=-g -ffunction-sections -fdata-sections 
TRACE::2022-12-21.11:25:07::SCWMssOS::-Wall -Wextra -fno-tree-loop-distribute-patterns"

TRACE::2022-12-21.11:25:07::SCWMssOS::"Running Make include in microblaze_0/libsrc/sysmon_v7_7/src"

TRACE::2022-12-21.11:25:07::SCWMssOS::make -C microblaze_0/libsrc/sysmon_v7_7/src -s include  "SHELL=CMD" "COMPILER=mb-gcc" "ASSEMBLER=mb-as" "ARCHIVER=mb-ar" "COMPI
TRACE::2022-12-21.11:25:07::SCWMssOS::LER_FLAGS=  -O2 -c -mcpu=v11.0 -mlittle-endian -mxl-soft-mul" "EXTRA_COMPILER_FLAGS=-g -ffunction-sections -fdata-sections -Wal
TRACE::2022-12-21.11:25:07::SCWMssOS::l -Wextra -fno-tree-loop-distribute-patterns"

TRACE::2022-12-21.11:25:07::SCWMssOS::"Running Make include in microblaze_0/libsrc/uartlite_v3_7/src"

TRACE::2022-12-21.11:25:07::SCWMssOS::make -C microblaze_0/libsrc/uartlite_v3_7/src -s include  "SHELL=CMD" "COMPILER=mb-gcc" "ASSEMBLER=mb-as" "ARCHIVER=mb-ar" "COM
TRACE::2022-12-21.11:25:07::SCWMssOS::PILER_FLAGS=  -O2 -c -mcpu=v11.0 -mlittle-endian -mxl-soft-mul" "EXTRA_COMPILER_FLAGS=-g -ffunction-sections -fdata-sections -W
TRACE::2022-12-21.11:25:07::SCWMssOS::all -Wextra -fno-tree-loop-distribute-patterns"

TRACE::2022-12-21.11:25:07::SCWMssOS::"Running Make libs in microblaze_0/libsrc/bram_v4_8/src"

TRACE::2022-12-21.11:25:07::SCWMssOS::make -C microblaze_0/libsrc/bram_v4_8/src -s libs  "SHELL=CMD" "COMPILER=mb-gcc" "ASSEMBLER=mb-as" "ARCHIVER=mb-ar" "COMPILER_F
TRACE::2022-12-21.11:25:07::SCWMssOS::LAGS=  -O2 -c -mcpu=v11.0 -mlittle-endian -mxl-soft-mul" "EXTRA_COMPILER_FLAGS=-g -ffunction-sections -fdata-sections -Wall -We
TRACE::2022-12-21.11:25:07::SCWMssOS::xtra -fno-tree-loop-distribute-patterns"

TRACE::2022-12-21.11:25:07::SCWMssOS::"Running Make libs in microblaze_0/libsrc/cpu_v2_16/src"

TRACE::2022-12-21.11:25:07::SCWMssOS::make -C microblaze_0/libsrc/cpu_v2_16/src -s libs  "SHELL=CMD" "COMPILER=mb-gcc" "ASSEMBLER=mb-as" "ARCHIVER=mb-ar" "COMPILER_F
TRACE::2022-12-21.11:25:07::SCWMssOS::LAGS=  -O2 -c -mcpu=v11.0 -mlittle-endian -mxl-soft-mul" "EXTRA_COMPILER_FLAGS=-g -ffunction-sections -fdata-sections -Wall -We
TRACE::2022-12-21.11:25:07::SCWMssOS::xtra -fno-tree-loop-distribute-patterns"

TRACE::2022-12-21.11:25:07::SCWMssOS::"Running Make libs in microblaze_0/libsrc/gpio_v4_9/src"

TRACE::2022-12-21.11:25:07::SCWMssOS::make -C microblaze_0/libsrc/gpio_v4_9/src -s libs  "SHELL=CMD" "COMPILER=mb-gcc" "ASSEMBLER=mb-as" "ARCHIVER=mb-ar" "COMPILER_F
TRACE::2022-12-21.11:25:07::SCWMssOS::LAGS=  -O2 -c -mcpu=v11.0 -mlittle-endian -mxl-soft-mul" "EXTRA_COMPILER_FLAGS=-g -ffunction-sections -fdata-sections -Wall -We
TRACE::2022-12-21.11:25:07::SCWMssOS::xtra -fno-tree-loop-distribute-patterns"

TRACE::2022-12-21.11:25:07::SCWMssOS::"Running Make libs in microblaze_0/libsrc/standalone_v8_0/src"

TRACE::2022-12-21.11:25:07::SCWMssOS::make -C microblaze_0/libsrc/standalone_v8_0/src -s libs  "SHELL=CMD" "COMPILER=mb-gcc" "ASSEMBLER=mb-as" "ARCHIVER=mb-ar" "COMP
TRACE::2022-12-21.11:25:07::SCWMssOS::ILER_FLAGS=  -O2 -c -mcpu=v11.0 -mlittle-endian -mxl-soft-mul" "EXTRA_COMPILER_FLAGS=-g -ffunction-sections -fdata-sections -Wa
TRACE::2022-12-21.11:25:07::SCWMssOS::ll -Wextra -fno-tree-loop-distribute-patterns"

TRACE::2022-12-21.11:25:07::SCWMssOS::"Running Make libs in microblaze_0/libsrc/sysmon_v7_7/src"

TRACE::2022-12-21.11:25:07::SCWMssOS::make -C microblaze_0/libsrc/sysmon_v7_7/src -s libs  "SHELL=CMD" "COMPILER=mb-gcc" "ASSEMBLER=mb-as" "ARCHIVER=mb-ar" "COMPILER
TRACE::2022-12-21.11:25:07::SCWMssOS::_FLAGS=  -O2 -c -mcpu=v11.0 -mlittle-endian -mxl-soft-mul" "EXTRA_COMPILER_FLAGS=-g -ffunction-sections -fdata-sections -Wall -
TRACE::2022-12-21.11:25:07::SCWMssOS::Wextra -fno-tree-loop-distribute-patterns"

TRACE::2022-12-21.11:25:07::SCWMssOS::"Running Make libs in microblaze_0/libsrc/uartlite_v3_7/src"

TRACE::2022-12-21.11:25:07::SCWMssOS::make -C microblaze_0/libsrc/uartlite_v3_7/src -s libs  "SHELL=CMD" "COMPILER=mb-gcc" "ASSEMBLER=mb-as" "ARCHIVER=mb-ar" "COMPIL
TRACE::2022-12-21.11:25:07::SCWMssOS::ER_FLAGS=  -O2 -c -mcpu=v11.0 -mlittle-endian -mxl-soft-mul" "EXTRA_COMPILER_FLAGS=-g -ffunction-sections -fdata-sections -Wall
TRACE::2022-12-21.11:25:07::SCWMssOS:: -Wextra -fno-tree-loop-distribute-patterns"

TRACE::2022-12-21.11:25:08::SCWMssOS::"DEBUG NON_LTO_OBJECTS is ../../../lib/microblaze_interrupt_handler.o"

TRACE::2022-12-21.11:25:08::SCWMssOS::'Finished building libraries parallelly.'

TRACE::2022-12-21.11:25:08::SCWMssOS::make --no-print-directory archive

TRACE::2022-12-21.11:25:08::SCWMssOS::mb-ar -r  microblaze_0/lib/libxil.a microblaze_0/lib/_exit.o microblaze_0/lib/errno.o microblaze_0/lib/fcntl.o microblaze_0/lib
TRACE::2022-12-21.11:25:08::SCWMssOS::/hw_exception_handler.o microblaze_0/lib/inbyte.o microblaze_0/lib/microblaze_disable_dcache.o microblaze_0/lib/microblaze_disa
TRACE::2022-12-21.11:25:08::SCWMssOS::ble_exceptions.o microblaze_0/lib/microblaze_disable_icache.o microblaze_0/lib/microblaze_disable_interrupts.o microblaze_0/lib
TRACE::2022-12-21.11:25:08::SCWMssOS::/microblaze_enable_dcache.o microblaze_0/lib/microblaze_enable_exceptions.o microblaze_0/lib/microblaze_enable_icache.o microbl
TRACE::2022-12-21.11:25:08::SCWMssOS::aze_0/lib/microblaze_enable_interrupts.o microblaze_0/lib/microblaze_exception_handler.o microblaze_0/lib/microblaze_flush_cach
TRACE::2022-12-21.11:25:08::SCWMssOS::e_ext.o microblaze_0/lib/microblaze_flush_cache_ext_range.o microblaze_0/lib/microblaze_flush_dcache.o microblaze_0/lib/microbl
TRACE::2022-12-21.11:25:08::SCWMssOS::aze_flush_dcache_range.o microblaze_0/lib/microblaze_init_dcache_range.o microblaze_0/lib/microblaze_init_icache_range.o microb
TRACE::2022-12-21.11:25:08::SCWMssOS::laze_0/lib/microblaze_interrupt_handler.o microblaze_0/lib/microblaze_interrupts_g.o microblaze_0/lib/microblaze_invalidate_cac
TRACE::2022-12-21.11:25:08::SCWMssOS::he_ext.o microblaze_0/lib/microblaze_invalidate_cache_ext_range.o microblaze_0/lib/microblaze_invalidate_dcache.o microblaze_0/
TRACE::2022-12-21.11:25:08::SCWMssOS::lib/microblaze_invalidate_dcache_range.o microblaze_0/lib/microblaze_invalidate_icache.o microblaze_0/lib/microblaze_invalidate
TRACE::2022-12-21.11:25:08::SCWMssOS::_icache_range.o microblaze_0/lib/microblaze_scrub.o microblaze_0/lib/microblaze_selftest.o microblaze_0/lib/microblaze_sleep.o 
TRACE::2022-12-21.11:25:08::SCWMssOS::microblaze_0/lib/microblaze_update_dcache.o microblaze_0/lib/microblaze_update_icache.o microblaze_0/lib/outbyte.o microblaze_0
TRACE::2022-12-21.11:25:08::SCWMssOS::/lib/print.o microblaze_0/lib/pvr.o microblaze_0/lib/xbram.o microblaze_0/lib/xbram_g.o microblaze_0/lib/xbram_intr.o microblaz
TRACE::2022-12-21.11:25:08::SCWMssOS::e_0/lib/xbram_selftest.o microblaze_0/lib/xbram_sinit.o microblaze_0/lib/xgpio.o microblaze_0/lib/xgpio_extra.o microblaze_0/li
TRACE::2022-12-21.11:25:08::SCWMssOS::b/xgpio_g.o microblaze_0/lib/xgpio_intr.o microblaze_0/lib/xgpio_selftest.o microblaze_0/lib/xgpio_sinit.o microblaze_0/lib/xil
TRACE::2022-12-21.11:25:08::SCWMssOS::_assert.o microblaze_0/lib/xil_cache.o microblaze_0/lib/xil_clocking.o microblaze_0/lib/xil_exception.o microblaze_0/lib/xil_me
TRACE::2022-12-21.11:25:08::SCWMssOS::m.o microblaze_0/lib/xil_misc_psreset_api.o microblaze_0/lib/xil_printf.o microblaze_0/lib/xil_sleepcommon.o microblaze_0/lib/x
TRACE::2022-12-21.11:25:08::SCWMssOS::il_testcache.o microblaze_0/lib/xil_testio.o microblaze_0/lib/xil_testmem.o microblaze_0/lib/xil_util.o microblaze_0/lib/xinter
TRACE::2022-12-21.11:25:08::SCWMssOS::rupt_wrap.o microblaze_0/lib/xio.o microblaze_0/lib/xplatform_info.o microblaze_0/lib/xsysmon.o microblaze_0/lib/xsysmon_g.o mi
TRACE::2022-12-21.11:25:08::SCWMssOS::croblaze_0/lib/xsysmon_intr.o microblaze_0/lib/xsysmon_selftest.o microblaze_0/lib/xsysmon_sinit.o microblaze_0/lib/xuartlite.o
TRACE::2022-12-21.11:25:08::SCWMssOS:: microblaze_0/lib/xuartlite_g.o microblaze_0/lib/xuartlite_intr.o microblaze_0/lib/xuartlite_l.o microblaze_0/lib/xuartlite_sel
TRACE::2022-12-21.11:25:08::SCWMssOS::ftest.o microblaze_0/lib/xuartlite_sinit.o microblaze_0/lib/xuartlite_stats.o

TRACE::2022-12-21.11:25:08::SCWMssOS::'Finished building libraries'

TRACE::2022-12-21.11:25:08::SCWMssOS::Copying to export directory.
TRACE::2022-12-21.11:25:08::SCWMssOS:: Checking if to create the Supporting Applications
TRACE::2022-12-21.11:25:08::SCWMssOS:: No Linux domain exists, trying to generate FSBL 
LOG::2022-12-21.11:25:08::SCWSystem::Completed Processing the domain standalone_microblaze_0
LOG::2022-12-21.11:25:08::SCWSystem::Completed Processing the sysconfig rim_projekt
LOG::2022-12-21.11:25:08::SCWPlatform::Completed generating the artifacts for system configuration rim_projekt
TRACE::2022-12-21.11:25:08::SCWPlatform::Started preparing the platform 
TRACE::2022-12-21.11:25:08::SCWSystem::Writing the bif file for system config rim_projekt
TRACE::2022-12-21.11:25:08::SCWSystem::dir created 
TRACE::2022-12-21.11:25:08::SCWSystem::Writing the bif 
TRACE::2022-12-21.11:25:08::SCWPlatform::Started writing the spfm file 
TRACE::2022-12-21.11:25:08::SCWPlatform::Started writing the xpfm file 
TRACE::2022-12-21.11:25:08::SCWPlatform::Completed generating the platform
TRACE::2022-12-21.11:25:08::SCWMssOS::Saving the mss changes C:/Users/krist/workspace/rim_projekt/microblaze_0/standalone_microblaze_0/bsp/system.mss
TRACE::2022-12-21.11:25:08::SCWMssOS::Found a swdesign opened with the mssfile.
TRACE::2022-12-21.11:25:08::SCWMssOS::Completed writemss as part of save.
TRACE::2022-12-21.11:25:08::SCWMssOS::Commit changes completed.
TRACE::2022-12-21.11:25:08::SCWPlatform::Trying to open the hw design at C:/Users/krist/workspace/rim_projekt/hw/rim_projekt.xsa
TRACE::2022-12-21.11:25:08::SCWPlatform::DSA given C:/Users/krist/workspace/rim_projekt/hw/rim_projekt.xsa
TRACE::2022-12-21.11:25:08::SCWPlatform::DSA absoulate path C:/Users/krist/workspace/rim_projekt/hw/rim_projekt.xsa
TRACE::2022-12-21.11:25:08::SCWPlatform::DSA directory C:/Users/krist/workspace/rim_projekt/hw
TRACE::2022-12-21.11:25:08::SCWPlatform:: Platform Path C:/Users/krist/workspace/rim_projekt/hw/rim_projekt.xsa
TRACE::2022-12-21.11:25:08::SCWPlatform:: Unique name xilinx:basys3::0.0
TRACE::2022-12-21.11:25:08::SCWPlatform::Trying to set the existing hwdb with name design_1_wrapper_3
TRACE::2022-12-21.11:25:08::SCWPlatform::Opened existing hwdb design_1_wrapper_3
TRACE::2022-12-21.11:25:08::SCWPlatform::Found the Hw Db part of the input DSA
TRACE::2022-12-21.11:25:08::SCWMssOS::Checking the sw design at  C:/Users/krist/workspace/rim_projekt/microblaze_0/standalone_microblaze_0/bsp/system.mss
TRACE::2022-12-21.11:25:08::SCWMssOS::DEBUG:  swdes dump  C:/Users/krist/workspace/rim_projekt/microblaze_0/standalone_microblaze_0/bsp/system.mss|system||

TRACE::2022-12-21.11:25:08::SCWMssOS::Sw design exists and opened at  C:/Users/krist/workspace/rim_projekt/microblaze_0/standalone_microblaze_0/bsp/system.mss
TRACE::2022-12-21.11:25:08::SCWPlatform::Trying to open the hw design at C:/Users/krist/workspace/rim_projekt/hw/rim_projekt.xsa
TRACE::2022-12-21.11:25:08::SCWPlatform::DSA given C:/Users/krist/workspace/rim_projekt/hw/rim_projekt.xsa
TRACE::2022-12-21.11:25:08::SCWPlatform::DSA absoulate path C:/Users/krist/workspace/rim_projekt/hw/rim_projekt.xsa
TRACE::2022-12-21.11:25:08::SCWPlatform::DSA directory C:/Users/krist/workspace/rim_projekt/hw
TRACE::2022-12-21.11:25:08::SCWPlatform:: Platform Path C:/Users/krist/workspace/rim_projekt/hw/rim_projekt.xsa
TRACE::2022-12-21.11:25:08::SCWPlatform:: Unique name xilinx:basys3::0.0
TRACE::2022-12-21.11:25:08::SCWPlatform::Trying to set the existing hwdb with name design_1_wrapper_3
TRACE::2022-12-21.11:25:08::SCWPlatform::Opened existing hwdb design_1_wrapper_3
TRACE::2022-12-21.11:25:08::SCWPlatform::Found the Hw Db part of the input DSA
TRACE::2022-12-21.11:25:08::SCWMssOS::Checking the sw design at  C:/Users/krist/workspace/rim_projekt/microblaze_0/standalone_microblaze_0/bsp/system.mss
TRACE::2022-12-21.11:25:08::SCWMssOS::DEBUG:  swdes dump  C:/Users/krist/workspace/rim_projekt/microblaze_0/standalone_microblaze_0/bsp/system.mss|system||

TRACE::2022-12-21.11:25:08::SCWMssOS::Sw design exists and opened at  C:/Users/krist/workspace/rim_projekt/microblaze_0/standalone_microblaze_0/bsp/system.mss
TRACE::2022-12-21.11:25:08::SCWPlatform::Trying to open the hw design at C:/Users/krist/workspace/rim_projekt/hw/rim_projekt.xsa
TRACE::2022-12-21.11:25:08::SCWPlatform::DSA given C:/Users/krist/workspace/rim_projekt/hw/rim_projekt.xsa
TRACE::2022-12-21.11:25:08::SCWPlatform::DSA absoulate path C:/Users/krist/workspace/rim_projekt/hw/rim_projekt.xsa
TRACE::2022-12-21.11:25:08::SCWPlatform::DSA directory C:/Users/krist/workspace/rim_projekt/hw
TRACE::2022-12-21.11:25:08::SCWPlatform:: Platform Path C:/Users/krist/workspace/rim_projekt/hw/rim_projekt.xsa
TRACE::2022-12-21.11:25:08::SCWPlatform:: Unique name xilinx:basys3::0.0
TRACE::2022-12-21.11:25:08::SCWPlatform::Trying to set the existing hwdb with name design_1_wrapper_3
TRACE::2022-12-21.11:25:08::SCWPlatform::Opened existing hwdb design_1_wrapper_3
TRACE::2022-12-21.11:25:08::SCWPlatform::Found the Hw Db part of the input DSA
TRACE::2022-12-21.11:25:08::SCWMssOS::Checking the sw design at  C:/Users/krist/workspace/rim_projekt/microblaze_0/standalone_microblaze_0/bsp/system.mss
TRACE::2022-12-21.11:25:08::SCWMssOS::DEBUG:  swdes dump  C:/Users/krist/workspace/rim_projekt/microblaze_0/standalone_microblaze_0/bsp/system.mss|system||

TRACE::2022-12-21.11:25:08::SCWMssOS::Sw design exists and opened at  C:/Users/krist/workspace/rim_projekt/microblaze_0/standalone_microblaze_0/bsp/system.mss
TRACE::2022-12-21.11:25:08::SCWWriter::formatted JSON is {
	"platformName":	"rim_projekt",
	"sprVersion":	"2.0",
	"mode":	"gui",
	"dsaType":	"Fixed",
	"platformDesc":	"rim_projekt",
	"platHandOff":	"C:/Users/krist/VivadoProjects/RIM_projekt/rim_projekt.xsa",
	"platIntHandOff":	"<platformDir>/hw/rim_projekt.xsa",
	"deviceType":	"FPGA",
	"platIsPrebuiltAutogen":	"false",
	"platIsNoBootBsp":	"false",
	"hasFsblMakeHasChanges":	"false",
	"hasPmufwMakeHasChanges":	"false",
	"platPreBuiltFlag":	false,
	"platformSamplesDir":	"",
	"platActiveSys":	"rim_projekt",
	"systems":	[{
			"systemName":	"rim_projekt",
			"systemDesc":	"rim_projekt",
			"sysIsBootAutoGen":	"true",
			"systemDispName":	"rim_projekt",
			"sysActiveDom":	"standalone_microblaze_0",
			"sysDefaultDom":	"standalone_microblaze_0",
			"domains":	[{
					"domainName":	"standalone_microblaze_0",
					"domainDispName":	"standalone_microblaze_0",
					"domainDesc":	"standalone_microblaze_0",
					"processors":	"microblaze_0",
					"os":	"standalone",
					"sdxOs":	"standalone",
					"debugEnable":	"False",
					"domRuntimes":	["cpp"],
					"swRepo":	"",
					"mssOsVer":	"8.0",
					"mssFile":	"",
					"md5Digest":	"94b3905716fb7793471be21d9a0ebdd7",
					"compatibleApp":	"empty_application",
					"domType":	"mssDomain",
					"arch":	"32-bit",
					"appSettings":	{
						"appCompilerFlags":	"",
						"appLinkerFlags":	""
					},
					"addedLibs":	[],
					"libOptions":	{
						"libsContainingOptions":	[]
					},
					"prebuiltLibs":	{
						"prebuiltIncPath":	[],
						"prebuiltLibPath":	[]
					},
					"isolation":	{
					}
				}]
		}]
}
KEYINFO::2022-12-21.11:25:08::SCWPlatform::updated the xpfm file.
TRACE::2022-12-21.11:25:09::SCWPlatform::Trying to open the hw design at C:/Users/krist/workspace/rim_projekt/hw/rim_projekt.xsa
TRACE::2022-12-21.11:25:09::SCWPlatform::DSA given C:/Users/krist/workspace/rim_projekt/hw/rim_projekt.xsa
TRACE::2022-12-21.11:25:09::SCWPlatform::DSA absoulate path C:/Users/krist/workspace/rim_projekt/hw/rim_projekt.xsa
TRACE::2022-12-21.11:25:09::SCWPlatform::DSA directory C:/Users/krist/workspace/rim_projekt/hw
TRACE::2022-12-21.11:25:09::SCWPlatform:: Platform Path C:/Users/krist/workspace/rim_projekt/hw/rim_projekt.xsa
TRACE::2022-12-21.11:25:09::SCWPlatform:: Unique name xilinx:basys3::0.0
TRACE::2022-12-21.11:25:09::SCWPlatform::Trying to set the existing hwdb with name design_1_wrapper_3
TRACE::2022-12-21.11:25:09::SCWPlatform::Opened existing hwdb design_1_wrapper_3
TRACE::2022-12-21.11:25:09::SCWPlatform::Found the Hw Db part of the input DSA
TRACE::2022-12-21.11:25:09::SCWMssOS::Checking the sw design at  C:/Users/krist/workspace/rim_projekt/microblaze_0/standalone_microblaze_0/bsp/system.mss
TRACE::2022-12-21.11:25:09::SCWMssOS::DEBUG:  swdes dump  C:/Users/krist/workspace/rim_projekt/microblaze_0/standalone_microblaze_0/bsp/system.mss|system||

TRACE::2022-12-21.11:25:09::SCWMssOS::Sw design exists and opened at  C:/Users/krist/workspace/rim_projekt/microblaze_0/standalone_microblaze_0/bsp/system.mss
